{"C:\\Users\\xXdbv\\OneDrive\\Desktop\\projects\\yt-livestream-late-tracker-server\\src\\config\\env.ts": {"path":"C:\\Users\\xXdbv\\OneDrive\\Desktop\\projects\\yt-livestream-late-tracker-server\\src\\config\\env.ts","all":false,"statementMap":{"0":{"start":{"line":1,"column":0},"end":{"line":1,"column":23}},"1":{"start":{"line":2,"column":0},"end":{"line":2,"column":47}},"2":{"start":{"line":3,"column":0},"end":{"line":3,"column":86}},"3":{"start":{"line":4,"column":0},"end":{"line":4,"column":53}},"4":{"start":{"line":5,"column":0},"end":{"line":5,"column":61}},"5":{"start":{"line":6,"column":0},"end":{"line":6,"column":67}},"6":{"start":{"line":7,"column":0},"end":{"line":7,"column":57}},"7":{"start":{"line":8,"column":0},"end":{"line":8,"column":74}},"8":{"start":{"line":9,"column":0},"end":{"line":9,"column":2}}},"s":{"0":1,"1":1,"2":1,"3":1,"4":1,"5":1,"6":1,"7":1,"8":1},"branchMap":{},"b":{},"fnMap":{},"f":{}}
,"C:\\Users\\xXdbv\\OneDrive\\Desktop\\projects\\yt-livestream-late-tracker-server\\src\\config\\youtube.ts": {"path":"C:\\Users\\xXdbv\\OneDrive\\Desktop\\projects\\yt-livestream-late-tracker-server\\src\\config\\youtube.ts","all":false,"statementMap":{"0":{"start":{"line":1,"column":0},"end":{"line":1,"column":36}},"1":{"start":{"line":2,"column":0},"end":{"line":2,"column":0}},"2":{"start":{"line":3,"column":0},"end":{"line":3,"column":0}},"3":{"start":{"line":4,"column":0},"end":{"line":4,"column":0}},"4":{"start":{"line":5,"column":0},"end":{"line":5,"column":31}},"5":{"start":{"line":6,"column":0},"end":{"line":6,"column":18}},"6":{"start":{"line":7,"column":0},"end":{"line":7,"column":38}},"7":{"start":{"line":8,"column":0},"end":{"line":8,"column":3}}},"s":{"0":1,"1":1,"2":1,"3":1,"4":1,"5":1,"6":1,"7":1},"branchMap":{},"b":{},"fnMap":{},"f":{}}
,"C:\\Users\\xXdbv\\OneDrive\\Desktop\\projects\\yt-livestream-late-tracker-server\\src\\controllers\\livestreams.ts": {"path":"C:\\Users\\xXdbv\\OneDrive\\Desktop\\projects\\yt-livestream-late-tracker-server\\src\\controllers\\livestreams.ts","all":false,"statementMap":{"0":{"start":{"line":1,"column":0},"end":{"line":1,"column":44}},"1":{"start":{"line":2,"column":0},"end":{"line":2,"column":46}},"2":{"start":{"line":3,"column":0},"end":{"line":3,"column":75}},"3":{"start":{"line":4,"column":0},"end":{"line":4,"column":37}},"4":{"start":{"line":5,"column":0},"end":{"line":5,"column":0}},"5":{"start":{"line":6,"column":0},"end":{"line":6,"column":85}},"6":{"start":{"line":7,"column":0},"end":{"line":7,"column":27}},"7":{"start":{"line":8,"column":0},"end":{"line":8,"column":97}},"8":{"start":{"line":9,"column":0},"end":{"line":9,"column":71}},"9":{"start":{"line":10,"column":0},"end":{"line":10,"column":7}},"10":{"start":{"line":11,"column":0},"end":{"line":11,"column":0}},"11":{"start":{"line":12,"column":0},"end":{"line":12,"column":22}},"12":{"start":{"line":13,"column":0},"end":{"line":13,"column":54}},"13":{"start":{"line":14,"column":0},"end":{"line":14,"column":5}},"14":{"start":{"line":15,"column":0},"end":{"line":15,"column":0}},"15":{"start":{"line":16,"column":0},"end":{"line":16,"column":62}},"16":{"start":{"line":17,"column":0},"end":{"line":17,"column":37}},"17":{"start":{"line":18,"column":0},"end":{"line":18,"column":10}},"18":{"start":{"line":19,"column":0},"end":{"line":19,"column":0}},"19":{"start":{"line":20,"column":0},"end":{"line":20,"column":55}},"20":{"start":{"line":21,"column":0},"end":{"line":21,"column":73}},"21":{"start":{"line":22,"column":0},"end":{"line":22,"column":77}},"22":{"start":{"line":23,"column":0},"end":{"line":23,"column":0}},"23":{"start":{"line":24,"column":0},"end":{"line":24,"column":34}},"24":{"start":{"line":25,"column":0},"end":{"line":25,"column":89}},"25":{"start":{"line":26,"column":0},"end":{"line":26,"column":5}},"26":{"start":{"line":27,"column":0},"end":{"line":27,"column":36}},"27":{"start":{"line":28,"column":0},"end":{"line":28,"column":86}},"28":{"start":{"line":29,"column":0},"end":{"line":29,"column":5}},"29":{"start":{"line":30,"column":0},"end":{"line":30,"column":0}},"30":{"start":{"line":31,"column":0},"end":{"line":31,"column":89}},"31":{"start":{"line":32,"column":0},"end":{"line":32,"column":73}},"32":{"start":{"line":33,"column":0},"end":{"line":33,"column":7}},"33":{"start":{"line":34,"column":0},"end":{"line":34,"column":0}},"34":{"start":{"line":35,"column":0},"end":{"line":35,"column":97}},"35":{"start":{"line":36,"column":0},"end":{"line":36,"column":99}},"36":{"start":{"line":37,"column":0},"end":{"line":37,"column":3}},"37":{"start":{"line":38,"column":0},"end":{"line":38,"column":2}}},"s":{"0":1,"1":1,"2":1,"3":1,"4":1,"5":1,"6":8,"7":2,"8":0,"9":2,"10":2,"11":2,"12":1,"13":1,"14":1,"15":1,"16":1,"17":8,"18":6,"19":6,"20":6,"21":6,"22":6,"23":6,"24":1,"25":1,"26":6,"27":1,"28":1,"29":4,"30":4,"31":1,"32":4,"33":3,"34":3,"35":3,"36":3,"37":8},"branchMap":{"0":{"type":"branch","line":6,"loc":{"start":{"line":6,"column":30},"end":{"line":38,"column":2}},"locations":[{"start":{"line":6,"column":30},"end":{"line":38,"column":2}}]},"1":{"type":"branch","line":6,"loc":{"start":{"line":6,"column":83},"end":{"line":38,"column":2}},"locations":[{"start":{"line":6,"column":83},"end":{"line":38,"column":2}}]},"2":{"type":"branch","line":7,"loc":{"start":{"line":7,"column":26},"end":{"line":18,"column":3}},"locations":[{"start":{"line":7,"column":26},"end":{"line":18,"column":3}}]},"3":{"type":"branch","line":12,"loc":{"start":{"line":12,"column":21},"end":{"line":18,"column":3}},"locations":[{"start":{"line":12,"column":21},"end":{"line":18,"column":3}}]},"4":{"type":"branch","line":18,"loc":{"start":{"line":18,"column":3},"end":{"line":37,"column":3}},"locations":[{"start":{"line":18,"column":3},"end":{"line":37,"column":3}}]},"5":{"type":"branch","line":21,"loc":{"start":{"line":21,"column":32},"end":{"line":21,"column":68}},"locations":[{"start":{"line":21,"column":32},"end":{"line":21,"column":68}}]},"6":{"type":"branch","line":21,"loc":{"start":{"line":21,"column":69},"end":{"line":21,"column":72}},"locations":[{"start":{"line":21,"column":69},"end":{"line":21,"column":72}}]},"7":{"type":"branch","line":22,"loc":{"start":{"line":22,"column":34},"end":{"line":22,"column":71}},"locations":[{"start":{"line":22,"column":34},"end":{"line":22,"column":71}}]},"8":{"type":"branch","line":22,"loc":{"start":{"line":22,"column":72},"end":{"line":22,"column":76}},"locations":[{"start":{"line":22,"column":72},"end":{"line":22,"column":76}}]},"9":{"type":"branch","line":24,"loc":{"start":{"line":24,"column":33},"end":{"line":26,"column":5}},"locations":[{"start":{"line":24,"column":33},"end":{"line":26,"column":5}}]},"10":{"type":"branch","line":27,"loc":{"start":{"line":27,"column":-2},"end":{"line":27,"column":33}},"locations":[{"start":{"line":27,"column":-2},"end":{"line":27,"column":33}}]},"11":{"type":"branch","line":27,"loc":{"start":{"line":27,"column":35},"end":{"line":29,"column":5}},"locations":[{"start":{"line":27,"column":35},"end":{"line":29,"column":5}}]},"12":{"type":"branch","line":30,"loc":{"start":{"line":30,"column":-2},"end":{"line":33,"column":7}},"locations":[{"start":{"line":30,"column":-2},"end":{"line":33,"column":7}}]},"13":{"type":"branch","line":34,"loc":{"start":{"line":34,"column":-2},"end":{"line":37,"column":3}},"locations":[{"start":{"line":34,"column":-2},"end":{"line":37,"column":3}}]},"14":{"type":"branch","line":31,"loc":{"start":{"line":31,"column":79},"end":{"line":33,"column":5}},"locations":[{"start":{"line":31,"column":79},"end":{"line":33,"column":5}}]}},"b":{"0":[8],"1":[8],"2":[2],"3":[1],"4":[6],"5":[4],"6":[2],"7":[4],"8":[2],"9":[1],"10":[5],"11":[1],"12":[4],"13":[3],"14":[1]},"fnMap":{"0":{"name":"getLivestreams","decl":{"start":{"line":6,"column":30},"end":{"line":38,"column":2}},"loc":{"start":{"line":6,"column":30},"end":{"line":38,"column":2}},"line":6}},"f":{"0":8}}
,"C:\\Users\\xXdbv\\OneDrive\\Desktop\\projects\\yt-livestream-late-tracker-server\\src\\controllers\\stats.ts": {"path":"C:\\Users\\xXdbv\\OneDrive\\Desktop\\projects\\yt-livestream-late-tracker-server\\src\\controllers\\stats.ts","all":false,"statementMap":{"0":{"start":{"line":1,"column":0},"end":{"line":1,"column":44}},"1":{"start":{"line":2,"column":0},"end":{"line":2,"column":36}},"2":{"start":{"line":3,"column":0},"end":{"line":3,"column":0}},"3":{"start":{"line":4,"column":0},"end":{"line":4,"column":79}},"4":{"start":{"line":5,"column":0},"end":{"line":5,"column":9}},"5":{"start":{"line":6,"column":0},"end":{"line":6,"column":58}},"6":{"start":{"line":7,"column":0},"end":{"line":7,"column":65}},"7":{"start":{"line":8,"column":0},"end":{"line":8,"column":9}},"8":{"start":{"line":9,"column":0},"end":{"line":9,"column":19}},"9":{"start":{"line":10,"column":0},"end":{"line":10,"column":55}},"10":{"start":{"line":11,"column":0},"end":{"line":11,"column":15}},"11":{"start":{"line":12,"column":0},"end":{"line":12,"column":7}},"12":{"start":{"line":13,"column":0},"end":{"line":13,"column":22}},"13":{"start":{"line":14,"column":0},"end":{"line":14,"column":21}},"14":{"start":{"line":15,"column":0},"end":{"line":15,"column":84}},"15":{"start":{"line":16,"column":0},"end":{"line":16,"column":5}},"16":{"start":{"line":17,"column":0},"end":{"line":17,"column":2}}},"s":{"0":1,"1":1,"2":1,"3":1,"4":3,"5":3,"6":1,"7":3,"8":3,"9":1,"10":1,"11":1,"12":1,"13":1,"14":1,"15":1,"16":3},"branchMap":{"0":{"type":"branch","line":4,"loc":{"start":{"line":4,"column":24},"end":{"line":17,"column":2}},"locations":[{"start":{"line":4,"column":24},"end":{"line":17,"column":2}}]},"1":{"type":"branch","line":4,"loc":{"start":{"line":4,"column":77},"end":{"line":17,"column":2}},"locations":[{"start":{"line":4,"column":77},"end":{"line":17,"column":2}}]},"2":{"type":"branch","line":9,"loc":{"start":{"line":9,"column":-2},"end":{"line":9,"column":18}},"locations":[{"start":{"line":9,"column":-2},"end":{"line":9,"column":18}}]},"3":{"type":"branch","line":9,"loc":{"start":{"line":9,"column":18},"end":{"line":16,"column":5}},"locations":[{"start":{"line":9,"column":18},"end":{"line":16,"column":5}}]},"4":{"type":"branch","line":15,"loc":{"start":{"line":15,"column":43},"end":{"line":15,"column":83}},"locations":[{"start":{"line":15,"column":43},"end":{"line":15,"column":83}}]},"5":{"type":"branch","line":6,"loc":{"start":{"line":6,"column":48},"end":{"line":8,"column":7}},"locations":[{"start":{"line":6,"column":48},"end":{"line":8,"column":7}}]}},"b":{"0":[3],"1":[3],"2":[2],"3":[1],"4":[0],"5":[1]},"fnMap":{"0":{"name":"getStats","decl":{"start":{"line":4,"column":24},"end":{"line":17,"column":2}},"loc":{"start":{"line":4,"column":24},"end":{"line":17,"column":2}},"line":4}},"f":{"0":3}}
,"C:\\Users\\xXdbv\\OneDrive\\Desktop\\projects\\yt-livestream-late-tracker-server\\src\\controllers\\webhooks.ts": {"path":"C:\\Users\\xXdbv\\OneDrive\\Desktop\\projects\\yt-livestream-late-tracker-server\\src\\controllers\\webhooks.ts","all":false,"statementMap":{"0":{"start":{"line":1,"column":0},"end":{"line":1,"column":44}},"1":{"start":{"line":2,"column":0},"end":{"line":2,"column":28}},"2":{"start":{"line":3,"column":0},"end":{"line":3,"column":37}},"3":{"start":{"line":4,"column":0},"end":{"line":4,"column":39}},"4":{"start":{"line":5,"column":0},"end":{"line":5,"column":43}},"5":{"start":{"line":6,"column":0},"end":{"line":6,"column":37}},"6":{"start":{"line":7,"column":0},"end":{"line":7,"column":58}},"7":{"start":{"line":8,"column":0},"end":{"line":8,"column":0}},"8":{"start":{"line":9,"column":0},"end":{"line":9,"column":20}},"9":{"start":{"line":10,"column":0},"end":{"line":10,"column":9}},"10":{"start":{"line":11,"column":0},"end":{"line":11,"column":19}},"11":{"start":{"line":12,"column":0},"end":{"line":12,"column":29}},"12":{"start":{"line":13,"column":0},"end":{"line":13,"column":31}},"13":{"start":{"line":14,"column":0},"end":{"line":14,"column":7}},"14":{"start":{"line":15,"column":0},"end":{"line":15,"column":4}},"15":{"start":{"line":16,"column":0},"end":{"line":16,"column":1}},"16":{"start":{"line":17,"column":0},"end":{"line":17,"column":0}},"17":{"start":{"line":18,"column":0},"end":{"line":18,"column":52}},"18":{"start":{"line":19,"column":0},"end":{"line":19,"column":61}},"19":{"start":{"line":20,"column":0},"end":{"line":20,"column":19}},"20":{"start":{"line":21,"column":0},"end":{"line":21,"column":50}},"21":{"start":{"line":22,"column":0},"end":{"line":22,"column":17}},"22":{"start":{"line":23,"column":0},"end":{"line":23,"column":3}},"23":{"start":{"line":24,"column":0},"end":{"line":24,"column":63}},"24":{"start":{"line":25,"column":0},"end":{"line":25,"column":24}},"25":{"start":{"line":26,"column":0},"end":{"line":26,"column":48}},"26":{"start":{"line":27,"column":0},"end":{"line":27,"column":79}},"27":{"start":{"line":28,"column":0},"end":{"line":28,"column":2}},"28":{"start":{"line":29,"column":0},"end":{"line":29,"column":0}},"29":{"start":{"line":30,"column":0},"end":{"line":30,"column":0}},"30":{"start":{"line":31,"column":0},"end":{"line":31,"column":0}},"31":{"start":{"line":32,"column":0},"end":{"line":32,"column":0}},"32":{"start":{"line":33,"column":0},"end":{"line":33,"column":0}},"33":{"start":{"line":34,"column":0},"end":{"line":34,"column":84}},"34":{"start":{"line":35,"column":0},"end":{"line":35,"column":29}},"35":{"start":{"line":36,"column":0},"end":{"line":36,"column":59}},"36":{"start":{"line":37,"column":0},"end":{"line":37,"column":49}},"37":{"start":{"line":38,"column":0},"end":{"line":38,"column":51}},"38":{"start":{"line":39,"column":0},"end":{"line":39,"column":53}},"39":{"start":{"line":40,"column":0},"end":{"line":40,"column":38}},"40":{"start":{"line":41,"column":0},"end":{"line":41,"column":12}},"41":{"start":{"line":42,"column":0},"end":{"line":42,"column":62}},"42":{"start":{"line":43,"column":0},"end":{"line":43,"column":5}},"43":{"start":{"line":44,"column":0},"end":{"line":44,"column":11}},"44":{"start":{"line":45,"column":0},"end":{"line":45,"column":3}},"45":{"start":{"line":46,"column":0},"end":{"line":46,"column":0}},"46":{"start":{"line":47,"column":0},"end":{"line":47,"column":30}},"47":{"start":{"line":48,"column":0},"end":{"line":48,"column":32}},"48":{"start":{"line":49,"column":0},"end":{"line":49,"column":84}},"49":{"start":{"line":50,"column":0},"end":{"line":50,"column":51}},"50":{"start":{"line":51,"column":0},"end":{"line":51,"column":5}},"51":{"start":{"line":52,"column":0},"end":{"line":52,"column":0}},"52":{"start":{"line":53,"column":0},"end":{"line":53,"column":9}},"53":{"start":{"line":54,"column":0},"end":{"line":54,"column":71}},"54":{"start":{"line":55,"column":0},"end":{"line":55,"column":48}},"55":{"start":{"line":56,"column":0},"end":{"line":56,"column":20}},"56":{"start":{"line":57,"column":0},"end":{"line":57,"column":51}},"57":{"start":{"line":58,"column":0},"end":{"line":58,"column":53}},"58":{"start":{"line":59,"column":0},"end":{"line":59,"column":18}},"59":{"start":{"line":60,"column":0},"end":{"line":60,"column":28}},"60":{"start":{"line":61,"column":0},"end":{"line":61,"column":11}},"61":{"start":{"line":62,"column":0},"end":{"line":62,"column":11}},"62":{"start":{"line":63,"column":0},"end":{"line":63,"column":9}},"63":{"start":{"line":64,"column":0},"end":{"line":64,"column":0}},"64":{"start":{"line":65,"column":0},"end":{"line":65,"column":52}},"65":{"start":{"line":66,"column":0},"end":{"line":66,"column":29}},"66":{"start":{"line":67,"column":0},"end":{"line":67,"column":0}},"67":{"start":{"line":68,"column":0},"end":{"line":68,"column":48}},"68":{"start":{"line":69,"column":0},"end":{"line":69,"column":43}},"69":{"start":{"line":70,"column":0},"end":{"line":70,"column":18}},"70":{"start":{"line":71,"column":0},"end":{"line":71,"column":49}},"71":{"start":{"line":72,"column":0},"end":{"line":72,"column":41}},"72":{"start":{"line":73,"column":0},"end":{"line":73,"column":7}},"73":{"start":{"line":74,"column":0},"end":{"line":74,"column":21}},"74":{"start":{"line":75,"column":0},"end":{"line":75,"column":70}},"75":{"start":{"line":76,"column":0},"end":{"line":76,"column":38}},"76":{"start":{"line":77,"column":0},"end":{"line":77,"column":105}},"77":{"start":{"line":78,"column":0},"end":{"line":78,"column":46}},"78":{"start":{"line":79,"column":0},"end":{"line":79,"column":62}},"79":{"start":{"line":80,"column":0},"end":{"line":80,"column":9}},"80":{"start":{"line":81,"column":0},"end":{"line":81,"column":14}},"81":{"start":{"line":82,"column":0},"end":{"line":82,"column":37}},"82":{"start":{"line":83,"column":0},"end":{"line":83,"column":93}},"83":{"start":{"line":84,"column":0},"end":{"line":84,"column":16}},"84":{"start":{"line":85,"column":0},"end":{"line":85,"column":78}},"85":{"start":{"line":86,"column":0},"end":{"line":86,"column":9}},"86":{"start":{"line":87,"column":0},"end":{"line":87,"column":7}},"87":{"start":{"line":88,"column":0},"end":{"line":88,"column":5}},"88":{"start":{"line":89,"column":0},"end":{"line":89,"column":3}},"89":{"start":{"line":90,"column":0},"end":{"line":90,"column":2}}},"s":{"0":1,"1":1,"2":1,"3":1,"4":1,"5":1,"6":1,"7":1,"8":1,"9":1,"10":1,"11":1,"12":1,"13":1,"14":1,"15":1,"16":1,"17":1,"18":4,"19":4,"20":0,"21":0,"22":0,"23":4,"24":4,"25":4,"26":4,"27":4,"28":1,"29":1,"30":1,"31":1,"32":1,"33":1,"34":6,"35":2,"36":2,"37":2,"38":2,"39":1,"40":1,"41":1,"42":1,"43":1,"44":1,"45":4,"46":4,"47":4,"48":1,"49":1,"50":1,"51":3,"52":3,"53":3,"54":3,"55":3,"56":1,"57":1,"58":3,"59":2,"60":2,"61":3,"62":3,"63":2,"64":2,"65":2,"66":2,"67":2,"68":4,"69":4,"70":2,"71":2,"72":1,"73":4,"74":2,"75":2,"76":1,"77":1,"78":1,"79":1,"80":1,"81":1,"82":1,"83":1,"84":0,"85":0,"86":1,"87":2,"88":4,"89":6},"branchMap":{"0":{"type":"branch","line":18,"loc":{"start":{"line":18,"column":24},"end":{"line":28,"column":2}},"locations":[{"start":{"line":18,"column":24},"end":{"line":28,"column":2}}]},"1":{"type":"branch","line":20,"loc":{"start":{"line":20,"column":18},"end":{"line":23,"column":3}},"locations":[{"start":{"line":20,"column":18},"end":{"line":23,"column":3}}]},"2":{"type":"branch","line":34,"loc":{"start":{"line":34,"column":29},"end":{"line":90,"column":2}},"locations":[{"start":{"line":34,"column":29},"end":{"line":90,"column":2}}]},"3":{"type":"branch","line":34,"loc":{"start":{"line":34,"column":82},"end":{"line":90,"column":2}},"locations":[{"start":{"line":34,"column":82},"end":{"line":90,"column":2}}]},"4":{"type":"branch","line":35,"loc":{"start":{"line":35,"column":28},"end":{"line":45,"column":3}},"locations":[{"start":{"line":35,"column":28},"end":{"line":45,"column":3}}]},"5":{"type":"branch","line":39,"loc":{"start":{"line":39,"column":17},"end":{"line":39,"column":26}},"locations":[{"start":{"line":39,"column":17},"end":{"line":39,"column":26}}]},"6":{"type":"branch","line":39,"loc":{"start":{"line":39,"column":26},"end":{"line":39,"column":50}},"locations":[{"start":{"line":39,"column":26},"end":{"line":39,"column":50}}]},"7":{"type":"branch","line":39,"loc":{"start":{"line":39,"column":52},"end":{"line":45,"column":3}},"locations":[{"start":{"line":39,"column":52},"end":{"line":45,"column":3}}]},"8":{"type":"branch","line":46,"loc":{"start":{"line":46,"column":-2},"end":{"line":89,"column":3}},"locations":[{"start":{"line":46,"column":-2},"end":{"line":89,"column":3}}]},"9":{"type":"branch","line":48,"loc":{"start":{"line":48,"column":31},"end":{"line":51,"column":5}},"locations":[{"start":{"line":48,"column":31},"end":{"line":51,"column":5}}]},"10":{"type":"branch","line":52,"loc":{"start":{"line":52,"column":-2},"end":{"line":63,"column":9}},"locations":[{"start":{"line":52,"column":-2},"end":{"line":63,"column":9}}]},"11":{"type":"branch","line":64,"loc":{"start":{"line":64,"column":-2},"end":{"line":69,"column":40}},"locations":[{"start":{"line":64,"column":-2},"end":{"line":69,"column":40}}]},"12":{"type":"branch","line":69,"loc":{"start":{"line":69,"column":37},"end":{"line":69,"column":40}},"locations":[{"start":{"line":69,"column":37},"end":{"line":69,"column":40}}]},"13":{"type":"branch","line":69,"loc":{"start":{"line":69,"column":37},"end":{"line":69,"column":42}},"locations":[{"start":{"line":69,"column":37},"end":{"line":69,"column":42}}]},"14":{"type":"branch","line":70,"loc":{"start":{"line":70,"column":17},"end":{"line":73,"column":7}},"locations":[{"start":{"line":70,"column":17},"end":{"line":73,"column":7}}]},"15":{"type":"branch","line":71,"loc":{"start":{"line":71,"column":43},"end":{"line":71,"column":46}},"locations":[{"start":{"line":71,"column":43},"end":{"line":71,"column":46}}]},"16":{"type":"branch","line":73,"loc":{"start":{"line":73,"column":-2},"end":{"line":73,"column":7}},"locations":[{"start":{"line":73,"column":-2},"end":{"line":73,"column":7}}]},"17":{"type":"branch","line":74,"loc":{"start":{"line":74,"column":6},"end":{"line":88,"column":5}},"locations":[{"start":{"line":74,"column":6},"end":{"line":88,"column":5}}]},"18":{"type":"branch","line":76,"loc":{"start":{"line":76,"column":37},"end":{"line":87,"column":7}},"locations":[{"start":{"line":76,"column":37},"end":{"line":87,"column":7}}]},"19":{"type":"branch","line":84,"loc":{"start":{"line":84,"column":9},"end":{"line":86,"column":9}},"locations":[{"start":{"line":84,"column":9},"end":{"line":86,"column":9}}]},"20":{"type":"branch","line":54,"loc":{"start":{"line":54,"column":49},"end":{"line":63,"column":7}},"locations":[{"start":{"line":54,"column":49},"end":{"line":63,"column":7}}]},"21":{"type":"branch","line":55,"loc":{"start":{"line":55,"column":30},"end":{"line":62,"column":9}},"locations":[{"start":{"line":55,"column":30},"end":{"line":62,"column":9}}]},"22":{"type":"branch","line":56,"loc":{"start":{"line":56,"column":19},"end":{"line":59,"column":11}},"locations":[{"start":{"line":56,"column":19},"end":{"line":59,"column":11}}]},"23":{"type":"branch","line":59,"loc":{"start":{"line":59,"column":11},"end":{"line":61,"column":11}},"locations":[{"start":{"line":59,"column":11},"end":{"line":61,"column":11}}]}},"b":{"0":[4],"1":[0],"2":[6],"3":[6],"4":[2],"5":[1],"6":[1],"7":[1],"8":[4],"9":[1],"10":[3],"11":[2],"12":[0],"13":[2],"14":[2],"15":[0],"16":[1],"17":[2],"18":[1],"19":[0],"20":[3],"21":[3],"22":[1],"23":[2]},"fnMap":{"0":{"name":"verifySignature","decl":{"start":{"line":18,"column":24},"end":{"line":28,"column":2}},"loc":{"start":{"line":18,"column":24},"end":{"line":28,"column":2}},"line":18},"1":{"name":"handleWebhook","decl":{"start":{"line":34,"column":29},"end":{"line":90,"column":2}},"loc":{"start":{"line":34,"column":29},"end":{"line":90,"column":2}},"line":34},"2":{"name":"result","decl":{"start":{"line":54,"column":49},"end":{"line":63,"column":7}},"loc":{"start":{"line":54,"column":49},"end":{"line":63,"column":7}},"line":54}},"f":{"0":4,"1":6,"2":3}}
,"C:\\Users\\xXdbv\\OneDrive\\Desktop\\projects\\yt-livestream-late-tracker-server\\src\\middleware\\error.ts": {"path":"C:\\Users\\xXdbv\\OneDrive\\Desktop\\projects\\yt-livestream-late-tracker-server\\src\\middleware\\error.ts","all":false,"statementMap":{"0":{"start":{"line":1,"column":0},"end":{"line":1,"column":58}},"1":{"start":{"line":2,"column":0},"end":{"line":2,"column":43}},"2":{"start":{"line":3,"column":0},"end":{"line":3,"column":37}},"3":{"start":{"line":4,"column":0},"end":{"line":4,"column":0}},"4":{"start":{"line":5,"column":0},"end":{"line":5,"column":103}},"5":{"start":{"line":6,"column":0},"end":{"line":6,"column":32}},"6":{"start":{"line":7,"column":0},"end":{"line":7,"column":47}},"7":{"start":{"line":8,"column":0},"end":{"line":8,"column":28}},"8":{"start":{"line":9,"column":0},"end":{"line":9,"column":29}},"9":{"start":{"line":10,"column":0},"end":{"line":10,"column":27}},"10":{"start":{"line":11,"column":0},"end":{"line":11,"column":18}},"11":{"start":{"line":12,"column":0},"end":{"line":12,"column":7}},"12":{"start":{"line":13,"column":0},"end":{"line":13,"column":33}},"13":{"start":{"line":14,"column":0},"end":{"line":14,"column":25}},"14":{"start":{"line":15,"column":0},"end":{"line":15,"column":27}},"15":{"start":{"line":16,"column":0},"end":{"line":16,"column":7}},"16":{"start":{"line":17,"column":0},"end":{"line":17,"column":10}},"17":{"start":{"line":18,"column":0},"end":{"line":18,"column":75}},"18":{"start":{"line":19,"column":0},"end":{"line":19,"column":26}},"19":{"start":{"line":20,"column":0},"end":{"line":20,"column":37}},"20":{"start":{"line":21,"column":0},"end":{"line":21,"column":7}},"21":{"start":{"line":22,"column":0},"end":{"line":22,"column":3}},"22":{"start":{"line":23,"column":0},"end":{"line":23,"column":2}}},"s":{"0":1,"1":1,"2":1,"3":1,"4":1,"5":8,"6":7,"7":7,"8":7,"9":7,"10":7,"11":7,"12":7,"13":7,"14":7,"15":7,"16":8,"17":1,"18":1,"19":1,"20":1,"21":1,"22":8},"branchMap":{"0":{"type":"branch","line":5,"loc":{"start":{"line":5,"column":31},"end":{"line":23,"column":2}},"locations":[{"start":{"line":5,"column":31},"end":{"line":23,"column":2}}]},"1":{"type":"branch","line":6,"loc":{"start":{"line":6,"column":31},"end":{"line":17,"column":3}},"locations":[{"start":{"line":6,"column":31},"end":{"line":17,"column":3}}]},"2":{"type":"branch","line":17,"loc":{"start":{"line":17,"column":3},"end":{"line":22,"column":3}},"locations":[{"start":{"line":17,"column":3},"end":{"line":22,"column":3}}]}},"b":{"0":[8],"1":[7],"2":[1]},"fnMap":{"0":{"name":"errorMiddleware","decl":{"start":{"line":5,"column":31},"end":{"line":23,"column":2}},"loc":{"start":{"line":5,"column":31},"end":{"line":23,"column":2}},"line":5}},"f":{"0":8}}
,"C:\\Users\\xXdbv\\OneDrive\\Desktop\\projects\\yt-livestream-late-tracker-server\\src\\models\\failedLivestreams.ts": {"path":"C:\\Users\\xXdbv\\OneDrive\\Desktop\\projects\\yt-livestream-late-tracker-server\\src\\models\\failedLivestreams.ts","all":false,"statementMap":{"0":{"start":{"line":1,"column":0},"end":{"line":1,"column":54}},"1":{"start":{"line":2,"column":0},"end":{"line":2,"column":0}},"2":{"start":{"line":3,"column":0},"end":{"line":3,"column":53}},"3":{"start":{"line":4,"column":0},"end":{"line":4,"column":18}},"4":{"start":{"line":5,"column":0},"end":{"line":5,"column":23}},"5":{"start":{"line":6,"column":0},"end":{"line":6,"column":21}},"6":{"start":{"line":7,"column":0},"end":{"line":7,"column":20}},"7":{"start":{"line":8,"column":0},"end":{"line":8,"column":18}},"8":{"start":{"line":9,"column":0},"end":{"line":9,"column":1}},"9":{"start":{"line":10,"column":0},"end":{"line":10,"column":0}},"10":{"start":{"line":11,"column":0},"end":{"line":11,"column":51}},"11":{"start":{"line":12,"column":0},"end":{"line":12,"column":58}},"12":{"start":{"line":13,"column":0},"end":{"line":13,"column":49}},"13":{"start":{"line":14,"column":0},"end":{"line":14,"column":43}},"14":{"start":{"line":15,"column":0},"end":{"line":15,"column":49}},"15":{"start":{"line":16,"column":0},"end":{"line":16,"column":90}},"16":{"start":{"line":17,"column":0},"end":{"line":17,"column":3}},"17":{"start":{"line":18,"column":0},"end":{"line":18,"column":0}},"18":{"start":{"line":19,"column":0},"end":{"line":19,"column":110}}},"s":{"0":1,"1":1,"2":1,"3":1,"4":1,"5":1,"6":1,"7":1,"8":1,"9":1,"10":1,"11":1,"12":1,"13":1,"14":1,"15":1,"16":1,"17":1,"18":1},"branchMap":{},"b":{},"fnMap":{},"f":{}}
,"C:\\Users\\xXdbv\\OneDrive\\Desktop\\projects\\yt-livestream-late-tracker-server\\src\\models\\livestream.ts": {"path":"C:\\Users\\xXdbv\\OneDrive\\Desktop\\projects\\yt-livestream-late-tracker-server\\src\\models\\livestream.ts","all":false,"statementMap":{"0":{"start":{"line":1,"column":0},"end":{"line":1,"column":41}},"1":{"start":{"line":2,"column":0},"end":{"line":2,"column":0}},"2":{"start":{"line":3,"column":0},"end":{"line":3,"column":38}},"3":{"start":{"line":4,"column":0},"end":{"line":4,"column":20}},"4":{"start":{"line":5,"column":0},"end":{"line":5,"column":29}},"5":{"start":{"line":6,"column":0},"end":{"line":6,"column":26}},"6":{"start":{"line":7,"column":0},"end":{"line":7,"column":21}},"7":{"start":{"line":8,"column":0},"end":{"line":8,"column":18}},"8":{"start":{"line":9,"column":0},"end":{"line":9,"column":3}},"9":{"start":{"line":10,"column":0},"end":{"line":10,"column":0}},"10":{"start":{"line":11,"column":0},"end":{"line":11,"column":48}}},"s":{"0":1,"1":1,"2":1,"3":1,"4":1,"5":1,"6":1,"7":1,"8":1,"9":1,"10":1},"branchMap":{},"b":{},"fnMap":{},"f":{}}
,"C:\\Users\\xXdbv\\OneDrive\\Desktop\\projects\\yt-livestream-late-tracker-server\\src\\models\\stats.ts": {"path":"C:\\Users\\xXdbv\\OneDrive\\Desktop\\projects\\yt-livestream-late-tracker-server\\src\\models\\stats.ts","all":false,"statementMap":{"0":{"start":{"line":1,"column":0},"end":{"line":1,"column":41}},"1":{"start":{"line":2,"column":0},"end":{"line":2,"column":0}},"2":{"start":{"line":3,"column":0},"end":{"line":3,"column":26}},"3":{"start":{"line":4,"column":0},"end":{"line":4,"column":26}},"4":{"start":{"line":5,"column":0},"end":{"line":5,"column":24}},"5":{"start":{"line":6,"column":0},"end":{"line":6,"column":25}},"6":{"start":{"line":7,"column":0},"end":{"line":7,"column":3}},"7":{"start":{"line":8,"column":0},"end":{"line":8,"column":0}},"8":{"start":{"line":9,"column":0},"end":{"line":9,"column":37}}},"s":{"0":1,"1":1,"2":1,"3":1,"4":1,"5":1,"6":1,"7":1,"8":1},"branchMap":{},"b":{},"fnMap":{},"f":{}}
,"C:\\Users\\xXdbv\\OneDrive\\Desktop\\projects\\yt-livestream-late-tracker-server\\src\\services\\scheduler.ts": {"path":"C:\\Users\\xXdbv\\OneDrive\\Desktop\\projects\\yt-livestream-late-tracker-server\\src\\services\\scheduler.ts","all":false,"statementMap":{"0":{"start":{"line":1,"column":0},"end":{"line":1,"column":29}},"1":{"start":{"line":2,"column":0},"end":{"line":2,"column":47}},"2":{"start":{"line":3,"column":0},"end":{"line":3,"column":39}},"3":{"start":{"line":4,"column":0},"end":{"line":4,"column":37}},"4":{"start":{"line":5,"column":0},"end":{"line":5,"column":40}},"5":{"start":{"line":6,"column":0},"end":{"line":6,"column":46}},"6":{"start":{"line":7,"column":0},"end":{"line":7,"column":36}},"7":{"start":{"line":8,"column":0},"end":{"line":8,"column":50}},"8":{"start":{"line":9,"column":0},"end":{"line":9,"column":63}},"9":{"start":{"line":10,"column":0},"end":{"line":10,"column":0}},"10":{"start":{"line":11,"column":0},"end":{"line":11,"column":0}},"11":{"start":{"line":12,"column":0},"end":{"line":12,"column":0}},"12":{"start":{"line":13,"column":0},"end":{"line":13,"column":99}},"13":{"start":{"line":14,"column":0},"end":{"line":14,"column":76}},"14":{"start":{"line":15,"column":0},"end":{"line":15,"column":9}},"15":{"start":{"line":16,"column":0},"end":{"line":16,"column":50}},"16":{"start":{"line":17,"column":0},"end":{"line":17,"column":47}},"17":{"start":{"line":18,"column":0},"end":{"line":18,"column":22}},"18":{"start":{"line":19,"column":0},"end":{"line":19,"column":9}},"19":{"start":{"line":20,"column":0},"end":{"line":20,"column":60}},"20":{"start":{"line":21,"column":0},"end":{"line":21,"column":79}},"21":{"start":{"line":22,"column":0},"end":{"line":22,"column":94}},"22":{"start":{"line":23,"column":0},"end":{"line":23,"column":54}},"23":{"start":{"line":24,"column":0},"end":{"line":24,"column":82}},"24":{"start":{"line":25,"column":0},"end":{"line":25,"column":56}},"25":{"start":{"line":26,"column":0},"end":{"line":26,"column":17}},"26":{"start":{"line":27,"column":0},"end":{"line":27,"column":9}},"27":{"start":{"line":28,"column":0},"end":{"line":28,"column":80}},"28":{"start":{"line":29,"column":0},"end":{"line":29,"column":73}},"29":{"start":{"line":30,"column":0},"end":{"line":30,"column":33}},"30":{"start":{"line":31,"column":0},"end":{"line":31,"column":18}},"31":{"start":{"line":32,"column":0},"end":{"line":32,"column":29}},"32":{"start":{"line":33,"column":0},"end":{"line":33,"column":26}},"33":{"start":{"line":34,"column":0},"end":{"line":34,"column":19}},"34":{"start":{"line":35,"column":0},"end":{"line":35,"column":16}},"35":{"start":{"line":36,"column":0},"end":{"line":36,"column":11}},"36":{"start":{"line":37,"column":0},"end":{"line":37,"column":30}},"37":{"start":{"line":38,"column":0},"end":{"line":38,"column":13}},"38":{"start":{"line":39,"column":0},"end":{"line":39,"column":64}},"39":{"start":{"line":40,"column":0},"end":{"line":40,"column":26}},"40":{"start":{"line":41,"column":0},"end":{"line":41,"column":10}},"41":{"start":{"line":42,"column":0},"end":{"line":42,"column":55}},"42":{"start":{"line":43,"column":0},"end":{"line":43,"column":53}},"43":{"start":{"line":44,"column":0},"end":{"line":44,"column":54}},"44":{"start":{"line":45,"column":0},"end":{"line":45,"column":7}},"45":{"start":{"line":46,"column":0},"end":{"line":46,"column":21}},"46":{"start":{"line":47,"column":0},"end":{"line":47,"column":23}},"47":{"start":{"line":48,"column":0},"end":{"line":48,"column":35}},"48":{"start":{"line":49,"column":0},"end":{"line":49,"column":37}},"49":{"start":{"line":50,"column":0},"end":{"line":50,"column":14}},"50":{"start":{"line":51,"column":0},"end":{"line":51,"column":44}},"51":{"start":{"line":52,"column":0},"end":{"line":52,"column":7}},"52":{"start":{"line":53,"column":0},"end":{"line":53,"column":79}},"53":{"start":{"line":54,"column":0},"end":{"line":54,"column":34}},"54":{"start":{"line":55,"column":0},"end":{"line":55,"column":46}},"55":{"start":{"line":56,"column":0},"end":{"line":56,"column":20}},"56":{"start":{"line":57,"column":0},"end":{"line":57,"column":9}},"57":{"start":{"line":58,"column":0},"end":{"line":58,"column":18}},"58":{"start":{"line":59,"column":0},"end":{"line":59,"column":23}},"59":{"start":{"line":60,"column":0},"end":{"line":60,"column":34}},"60":{"start":{"line":61,"column":0},"end":{"line":61,"column":34}},"61":{"start":{"line":62,"column":0},"end":{"line":62,"column":10}},"62":{"start":{"line":63,"column":0},"end":{"line":63,"column":24}},"63":{"start":{"line":64,"column":0},"end":{"line":64,"column":8}},"64":{"start":{"line":65,"column":0},"end":{"line":65,"column":18}},"65":{"start":{"line":66,"column":0},"end":{"line":66,"column":5}},"66":{"start":{"line":67,"column":0},"end":{"line":67,"column":4}},"67":{"start":{"line":68,"column":0},"end":{"line":68,"column":0}},"68":{"start":{"line":69,"column":0},"end":{"line":69,"column":0}},"69":{"start":{"line":70,"column":0},"end":{"line":70,"column":33}},"70":{"start":{"line":71,"column":0},"end":{"line":71,"column":43}},"71":{"start":{"line":72,"column":0},"end":{"line":72,"column":53}},"72":{"start":{"line":73,"column":0},"end":{"line":73,"column":38}},"73":{"start":{"line":74,"column":0},"end":{"line":74,"column":97}},"74":{"start":{"line":75,"column":0},"end":{"line":75,"column":55}},"75":{"start":{"line":76,"column":0},"end":{"line":76,"column":38}},"76":{"start":{"line":77,"column":0},"end":{"line":77,"column":0}},"77":{"start":{"line":78,"column":0},"end":{"line":78,"column":63}},"78":{"start":{"line":79,"column":0},"end":{"line":79,"column":43}},"79":{"start":{"line":80,"column":0},"end":{"line":80,"column":9}},"80":{"start":{"line":81,"column":0},"end":{"line":81,"column":50}},"81":{"start":{"line":82,"column":0},"end":{"line":82,"column":26}},"82":{"start":{"line":83,"column":0},"end":{"line":83,"column":43}},"83":{"start":{"line":84,"column":0},"end":{"line":84,"column":31}},"84":{"start":{"line":85,"column":0},"end":{"line":85,"column":24}},"85":{"start":{"line":86,"column":0},"end":{"line":86,"column":23}},"86":{"start":{"line":87,"column":0},"end":{"line":87,"column":9}},"87":{"start":{"line":88,"column":0},"end":{"line":88,"column":84}},"88":{"start":{"line":89,"column":0},"end":{"line":89,"column":39}},"89":{"start":{"line":90,"column":0},"end":{"line":90,"column":22}},"90":{"start":{"line":91,"column":0},"end":{"line":91,"column":65}},"91":{"start":{"line":92,"column":0},"end":{"line":92,"column":26}},"92":{"start":{"line":93,"column":0},"end":{"line":93,"column":45}},"93":{"start":{"line":94,"column":0},"end":{"line":94,"column":11}},"94":{"start":{"line":95,"column":0},"end":{"line":95,"column":9}},"95":{"start":{"line":96,"column":0},"end":{"line":96,"column":7}},"96":{"start":{"line":97,"column":0},"end":{"line":97,"column":21}},"97":{"start":{"line":98,"column":0},"end":{"line":98,"column":35}},"98":{"start":{"line":99,"column":0},"end":{"line":99,"column":56}},"99":{"start":{"line":100,"column":0},"end":{"line":100,"column":14}},"100":{"start":{"line":101,"column":0},"end":{"line":101,"column":58}},"101":{"start":{"line":102,"column":0},"end":{"line":102,"column":7}},"102":{"start":{"line":103,"column":0},"end":{"line":103,"column":5}},"103":{"start":{"line":104,"column":0},"end":{"line":104,"column":38}},"104":{"start":{"line":105,"column":0},"end":{"line":105,"column":0}},"105":{"start":{"line":106,"column":0},"end":{"line":106,"column":42}},"106":{"start":{"line":107,"column":0},"end":{"line":107,"column":42}},"107":{"start":{"line":108,"column":0},"end":{"line":108,"column":9}},"108":{"start":{"line":109,"column":0},"end":{"line":109,"column":142}},"109":{"start":{"line":110,"column":0},"end":{"line":110,"column":35}},"110":{"start":{"line":111,"column":0},"end":{"line":111,"column":13}},"111":{"start":{"line":112,"column":0},"end":{"line":112,"column":49}},"112":{"start":{"line":113,"column":0},"end":{"line":113,"column":25}},"113":{"start":{"line":114,"column":0},"end":{"line":114,"column":66}},"114":{"start":{"line":115,"column":0},"end":{"line":115,"column":58}},"115":{"start":{"line":116,"column":0},"end":{"line":116,"column":79}},"116":{"start":{"line":117,"column":0},"end":{"line":117,"column":11}},"117":{"start":{"line":118,"column":0},"end":{"line":118,"column":9}},"118":{"start":{"line":119,"column":0},"end":{"line":119,"column":7}},"119":{"start":{"line":120,"column":0},"end":{"line":120,"column":21}},"120":{"start":{"line":121,"column":0},"end":{"line":121,"column":35}},"121":{"start":{"line":122,"column":0},"end":{"line":122,"column":75}},"122":{"start":{"line":123,"column":0},"end":{"line":123,"column":14}},"123":{"start":{"line":124,"column":0},"end":{"line":124,"column":77}},"124":{"start":{"line":125,"column":0},"end":{"line":125,"column":7}},"125":{"start":{"line":126,"column":0},"end":{"line":126,"column":5}},"126":{"start":{"line":127,"column":0},"end":{"line":127,"column":38}},"127":{"start":{"line":128,"column":0},"end":{"line":128,"column":2}}},"s":{"0":1,"1":1,"2":1,"3":1,"4":1,"5":1,"6":1,"7":1,"8":1,"9":1,"10":1,"11":1,"12":1,"13":1,"14":6,"15":6,"16":6,"17":6,"18":6,"19":6,"20":6,"21":3,"22":3,"23":0,"24":0,"25":0,"26":0,"27":3,"28":3,"29":3,"30":3,"31":3,"32":3,"33":3,"34":3,"35":3,"36":3,"37":3,"38":3,"39":3,"40":3,"41":3,"42":3,"43":3,"44":3,"45":6,"46":3,"47":3,"48":3,"49":3,"50":0,"51":0,"52":3,"53":3,"54":3,"55":3,"56":3,"57":3,"58":3,"59":3,"60":3,"61":3,"62":3,"63":3,"64":3,"65":3,"66":6,"67":1,"68":1,"69":1,"70":1,"71":3,"72":3,"73":0,"74":0,"75":3,"76":3,"77":3,"78":3,"79":2,"80":2,"81":2,"82":2,"83":2,"84":2,"85":2,"86":2,"87":2,"88":2,"89":2,"90":2,"91":2,"92":1,"93":1,"94":2,"95":2,"96":1,"97":1,"98":1,"99":1,"100":0,"101":0,"102":1,"103":3,"104":3,"105":3,"106":3,"107":0,"108":0,"109":0,"110":0,"111":0,"112":0,"113":0,"114":0,"115":0,"116":0,"117":0,"118":0,"119":0,"120":0,"121":0,"122":0,"123":0,"124":0,"125":0,"126":3,"127":3},"branchMap":{"0":{"type":"branch","line":14,"loc":{"start":{"line":14,"column":33},"end":{"line":67,"column":4}},"locations":[{"start":{"line":14,"column":33},"end":{"line":67,"column":4}}]},"1":{"type":"branch","line":14,"loc":{"start":{"line":14,"column":74},"end":{"line":67,"column":4}},"locations":[{"start":{"line":14,"column":74},"end":{"line":67,"column":4}}]},"2":{"type":"branch","line":20,"loc":{"start":{"line":20,"column":-2},"end":{"line":20,"column":35}},"locations":[{"start":{"line":20,"column":-2},"end":{"line":20,"column":35}}]},"3":{"type":"branch","line":20,"loc":{"start":{"line":20,"column":33},"end":{"line":20,"column":35}},"locations":[{"start":{"line":20,"column":33},"end":{"line":20,"column":35}}]},"4":{"type":"branch","line":20,"loc":{"start":{"line":20,"column":33},"end":{"line":20,"column":39}},"locations":[{"start":{"line":20,"column":33},"end":{"line":20,"column":39}}]},"5":{"type":"branch","line":20,"loc":{"start":{"line":20,"column":39},"end":{"line":20,"column":41}},"locations":[{"start":{"line":20,"column":39},"end":{"line":20,"column":41}}]},"6":{"type":"branch","line":20,"loc":{"start":{"line":20,"column":39},"end":{"line":20,"column":41}},"locations":[{"start":{"line":20,"column":39},"end":{"line":20,"column":41}}]},"7":{"type":"branch","line":20,"loc":{"start":{"line":20,"column":39},"end":{"line":20,"column":46}},"locations":[{"start":{"line":20,"column":39},"end":{"line":20,"column":46}}]},"8":{"type":"branch","line":20,"loc":{"start":{"line":20,"column":46},"end":{"line":20,"column":49}},"locations":[{"start":{"line":20,"column":46},"end":{"line":20,"column":49}}]},"9":{"type":"branch","line":20,"loc":{"start":{"line":20,"column":46},"end":{"line":20,"column":49}},"locations":[{"start":{"line":20,"column":46},"end":{"line":20,"column":49}}]},"10":{"type":"branch","line":20,"loc":{"start":{"line":20,"column":46},"end":{"line":20,"column":51}},"locations":[{"start":{"line":20,"column":46},"end":{"line":20,"column":51}}]},"11":{"type":"branch","line":20,"loc":{"start":{"line":20,"column":51},"end":{"line":20,"column":55}},"locations":[{"start":{"line":20,"column":51},"end":{"line":20,"column":55}}]},"12":{"type":"branch","line":20,"loc":{"start":{"line":20,"column":51},"end":{"line":20,"column":55}},"locations":[{"start":{"line":20,"column":51},"end":{"line":20,"column":55}}]},"13":{"type":"branch","line":20,"loc":{"start":{"line":20,"column":51},"end":{"line":20,"column":59}},"locations":[{"start":{"line":20,"column":51},"end":{"line":20,"column":59}}]},"14":{"type":"branch","line":21,"loc":{"start":{"line":21,"column":20},"end":{"line":21,"column":76}},"locations":[{"start":{"line":21,"column":20},"end":{"line":21,"column":76}}]},"15":{"type":"branch","line":21,"loc":{"start":{"line":21,"column":34},"end":{"line":21,"column":36}},"locations":[{"start":{"line":21,"column":34},"end":{"line":21,"column":36}}]},"16":{"type":"branch","line":21,"loc":{"start":{"line":21,"column":43},"end":{"line":21,"column":45}},"locations":[{"start":{"line":21,"column":43},"end":{"line":21,"column":45}}]},"17":{"type":"branch","line":21,"loc":{"start":{"line":21,"column":78},"end":{"line":45,"column":7}},"locations":[{"start":{"line":21,"column":78},"end":{"line":45,"column":7}}]},"18":{"type":"branch","line":22,"loc":{"start":{"line":22,"column":87},"end":{"line":22,"column":93}},"locations":[{"start":{"line":22,"column":87},"end":{"line":22,"column":93}}]},"19":{"type":"branch","line":23,"loc":{"start":{"line":23,"column":53},"end":{"line":27,"column":9}},"locations":[{"start":{"line":23,"column":53},"end":{"line":27,"column":9}}]},"20":{"type":"branch","line":29,"loc":{"start":{"line":29,"column":32},"end":{"line":29,"column":34}},"locations":[{"start":{"line":29,"column":32},"end":{"line":29,"column":34}}]},"21":{"type":"branch","line":29,"loc":{"start":{"line":29,"column":41},"end":{"line":29,"column":43}},"locations":[{"start":{"line":29,"column":41},"end":{"line":29,"column":43}}]},"22":{"type":"branch","line":46,"loc":{"start":{"line":46,"column":6},"end":{"line":66,"column":5}},"locations":[{"start":{"line":46,"column":6},"end":{"line":66,"column":5}}]},"23":{"type":"branch","line":50,"loc":{"start":{"line":50,"column":7},"end":{"line":52,"column":7}},"locations":[{"start":{"line":50,"column":7},"end":{"line":52,"column":7}}]},"24":{"type":"branch","line":71,"loc":{"start":{"line":71,"column":30},"end":{"line":128,"column":2}},"locations":[{"start":{"line":71,"column":30},"end":{"line":128,"column":2}}]},"25":{"type":"branch","line":79,"loc":{"start":{"line":79,"column":30},"end":{"line":104,"column":5}},"locations":[{"start":{"line":79,"column":30},"end":{"line":104,"column":5}}]},"26":{"type":"branch","line":79,"loc":{"start":{"line":79,"column":41},"end":{"line":104,"column":3}},"locations":[{"start":{"line":79,"column":41},"end":{"line":104,"column":3}}]},"27":{"type":"branch","line":88,"loc":{"start":{"line":88,"column":-2},"end":{"line":88,"column":47}},"locations":[{"start":{"line":88,"column":-2},"end":{"line":88,"column":47}}]},"28":{"type":"branch","line":88,"loc":{"start":{"line":88,"column":43},"end":{"line":88,"column":47}},"locations":[{"start":{"line":88,"column":43},"end":{"line":88,"column":47}}]},"29":{"type":"branch","line":88,"loc":{"start":{"line":88,"column":43},"end":{"line":88,"column":49}},"locations":[{"start":{"line":88,"column":43},"end":{"line":88,"column":49}}]},"30":{"type":"branch","line":92,"loc":{"start":{"line":92,"column":25},"end":{"line":94,"column":11}},"locations":[{"start":{"line":92,"column":25},"end":{"line":94,"column":11}}]},"31":{"type":"branch","line":97,"loc":{"start":{"line":97,"column":-2},"end":{"line":103,"column":5}},"locations":[{"start":{"line":97,"column":-2},"end":{"line":103,"column":5}}]},"32":{"type":"branch","line":100,"loc":{"start":{"line":100,"column":7},"end":{"line":102,"column":7}},"locations":[{"start":{"line":100,"column":7},"end":{"line":102,"column":7}}]},"33":{"type":"branch","line":88,"loc":{"start":{"line":88,"column":55},"end":{"line":88,"column":83}},"locations":[{"start":{"line":88,"column":55},"end":{"line":88,"column":83}}]},"34":{"type":"branch","line":88,"loc":{"start":{"line":88,"column":69},"end":{"line":88,"column":71}},"locations":[{"start":{"line":88,"column":69},"end":{"line":88,"column":71}}]},"35":{"type":"branch","line":88,"loc":{"start":{"line":88,"column":73},"end":{"line":88,"column":75}},"locations":[{"start":{"line":88,"column":73},"end":{"line":88,"column":75}}]}},"b":{"0":[6],"1":[6],"2":[3],"3":[0],"4":[3],"5":[3],"6":[0],"7":[3],"8":[3],"9":[0],"10":[3],"11":[3],"12":[3],"13":[0],"14":[3],"15":[0],"16":[0],"17":[3],"18":[0],"19":[0],"20":[0],"21":[0],"22":[3],"23":[0],"24":[3],"25":[2],"26":[2],"27":[1],"28":[1],"29":[0],"30":[1],"31":[1],"32":[0],"33":[2],"34":[0],"35":[0]},"fnMap":{"0":{"name":"processLivestream","decl":{"start":{"line":14,"column":33},"end":{"line":67,"column":4}},"loc":{"start":{"line":14,"column":33},"end":{"line":67,"column":4}},"line":14},"1":{"name":"setupScheduler","decl":{"start":{"line":71,"column":30},"end":{"line":128,"column":2}},"loc":{"start":{"line":71,"column":30},"end":{"line":128,"column":2}},"line":71},"2":{"name":"node_cron_1.default.schedule.timezone","decl":{"start":{"line":73,"column":31},"end":{"line":76,"column":3}},"loc":{"start":{"line":73,"column":31},"end":{"line":76,"column":3}},"line":73},"3":{"name":"node_cron_1.default.schedule.timezone","decl":{"start":{"line":79,"column":30},"end":{"line":104,"column":5}},"loc":{"start":{"line":79,"column":30},"end":{"line":104,"column":5}},"line":79},"4":{"name":"node_cron_1.default.schedule.timezone","decl":{"start":{"line":107,"column":29},"end":{"line":127,"column":5}},"loc":{"start":{"line":107,"column":29},"end":{"line":127,"column":5}},"line":107}},"f":{"0":6,"1":3,"2":0,"3":2,"4":0}}
,"C:\\Users\\xXdbv\\OneDrive\\Desktop\\projects\\yt-livestream-late-tracker-server\\src\\utils\\errors.ts": {"path":"C:\\Users\\xXdbv\\OneDrive\\Desktop\\projects\\yt-livestream-late-tracker-server\\src\\utils\\errors.ts","all":false,"statementMap":{"0":{"start":{"line":1,"column":0},"end":{"line":1,"column":37}},"1":{"start":{"line":2,"column":0},"end":{"line":2,"column":26}},"2":{"start":{"line":3,"column":0},"end":{"line":3,"column":25}},"3":{"start":{"line":4,"column":0},"end":{"line":4,"column":2}},"4":{"start":{"line":5,"column":0},"end":{"line":5,"column":65}},"5":{"start":{"line":6,"column":0},"end":{"line":6,"column":21}},"6":{"start":{"line":7,"column":0},"end":{"line":7,"column":27}},"7":{"start":{"line":8,"column":0},"end":{"line":8,"column":29}},"8":{"start":{"line":9,"column":0},"end":{"line":9,"column":29}},"9":{"start":{"line":10,"column":0},"end":{"line":10,"column":5}},"10":{"start":{"line":11,"column":0},"end":{"line":11,"column":3}},"11":{"start":{"line":12,"column":0},"end":{"line":12,"column":2}},"12":{"start":{"line":13,"column":0},"end":{"line":13,"column":49}},"13":{"start":{"line":14,"column":0},"end":{"line":14,"column":49}},"14":{"start":{"line":15,"column":0},"end":{"line":15,"column":35}},"15":{"start":{"line":16,"column":0},"end":{"line":16,"column":36}},"16":{"start":{"line":17,"column":0},"end":{"line":17,"column":5}},"17":{"start":{"line":18,"column":0},"end":{"line":18,"column":3}},"18":{"start":{"line":19,"column":0},"end":{"line":19,"column":2}},"19":{"start":{"line":20,"column":0},"end":{"line":20,"column":47}},"20":{"start":{"line":21,"column":0},"end":{"line":21,"column":49}},"21":{"start":{"line":22,"column":0},"end":{"line":22,"column":35}},"22":{"start":{"line":23,"column":0},"end":{"line":23,"column":34}},"23":{"start":{"line":24,"column":0},"end":{"line":24,"column":5}},"24":{"start":{"line":25,"column":0},"end":{"line":25,"column":3}},"25":{"start":{"line":26,"column":0},"end":{"line":26,"column":2}},"26":{"start":{"line":27,"column":0},"end":{"line":27,"column":48}},"27":{"start":{"line":28,"column":0},"end":{"line":28,"column":49}},"28":{"start":{"line":29,"column":0},"end":{"line":29,"column":35}},"29":{"start":{"line":30,"column":0},"end":{"line":30,"column":35}},"30":{"start":{"line":31,"column":0},"end":{"line":31,"column":5}},"31":{"start":{"line":32,"column":0},"end":{"line":32,"column":3}}},"s":{"0":1,"1":1,"2":1,"3":1,"4":1,"5":7,"6":7,"7":7,"8":7,"9":7,"10":1,"11":1,"12":1,"13":1,"14":2,"15":2,"16":2,"17":1,"18":1,"19":1,"20":1,"21":1,"22":1,"23":1,"24":1,"25":1,"26":1,"27":1,"28":0,"29":0,"30":0,"31":1},"branchMap":{"0":{"type":"branch","line":5,"loc":{"start":{"line":5,"column":4},"end":{"line":10,"column":5}},"locations":[{"start":{"line":5,"column":4},"end":{"line":10,"column":5}}]},"1":{"type":"branch","line":14,"loc":{"start":{"line":14,"column":4},"end":{"line":17,"column":5}},"locations":[{"start":{"line":14,"column":4},"end":{"line":17,"column":5}}]},"2":{"type":"branch","line":21,"loc":{"start":{"line":21,"column":4},"end":{"line":24,"column":5}},"locations":[{"start":{"line":21,"column":4},"end":{"line":24,"column":5}}]}},"b":{"0":[7],"1":[2],"2":[1]},"fnMap":{"0":{"name":"ApiError","decl":{"start":{"line":5,"column":4},"end":{"line":10,"column":5}},"loc":{"start":{"line":5,"column":4},"end":{"line":10,"column":5}},"line":5},"1":{"name":"ValidationError","decl":{"start":{"line":14,"column":4},"end":{"line":17,"column":5}},"loc":{"start":{"line":14,"column":4},"end":{"line":17,"column":5}},"line":14},"2":{"name":"NotFoundError","decl":{"start":{"line":21,"column":4},"end":{"line":24,"column":5}},"loc":{"start":{"line":21,"column":4},"end":{"line":24,"column":5}},"line":21},"3":{"name":"RateLimitError","decl":{"start":{"line":28,"column":4},"end":{"line":31,"column":5}},"loc":{"start":{"line":28,"column":4},"end":{"line":31,"column":5}},"line":28}},"f":{"0":7,"1":2,"2":1,"3":0}}
,"C:\\Users\\xXdbv\\OneDrive\\Desktop\\projects\\yt-livestream-late-tracker-server\\src\\utils\\logger.ts": {"path":"C:\\Users\\xXdbv\\OneDrive\\Desktop\\projects\\yt-livestream-late-tracker-server\\src\\utils\\logger.ts","all":false,"statementMap":{"0":{"start":{"line":1,"column":0},"end":{"line":1,"column":42}},"1":{"start":{"line":2,"column":0},"end":{"line":2,"column":0}},"2":{"start":{"line":3,"column":0},"end":{"line":3,"column":37}},"3":{"start":{"line":4,"column":0},"end":{"line":4,"column":18}},"4":{"start":{"line":5,"column":0},"end":{"line":5,"column":27}},"5":{"start":{"line":6,"column":0},"end":{"line":6,"column":73}},"6":{"start":{"line":7,"column":0},"end":{"line":7,"column":66}},"7":{"start":{"line":8,"column":0},"end":{"line":8,"column":12}},"8":{"start":{"line":9,"column":0},"end":{"line":9,"column":17}},"9":{"start":{"line":10,"column":0},"end":{"line":10,"column":41}},"10":{"start":{"line":11,"column":0},"end":{"line":11,"column":64}},"11":{"start":{"line":12,"column":0},"end":{"line":12,"column":6}},"12":{"start":{"line":13,"column":0},"end":{"line":13,"column":3}},"13":{"start":{"line":14,"column":0},"end":{"line":14,"column":0}},"14":{"start":{"line":15,"column":0},"end":{"line":15,"column":22}}},"s":{"0":1,"1":1,"2":1,"3":1,"4":1,"5":1,"6":1,"7":1,"8":1,"9":1,"10":1,"11":1,"12":1,"13":1,"14":1},"branchMap":{},"b":{},"fnMap":{},"f":{}}
,"C:\\Users\\xXdbv\\OneDrive\\Desktop\\projects\\yt-livestream-late-tracker-server\\src\\utils\\time.ts": {"path":"C:\\Users\\xXdbv\\OneDrive\\Desktop\\projects\\yt-livestream-late-tracker-server\\src\\utils\\time.ts","all":false,"statementMap":{"0":{"start":{"line":1,"column":0},"end":{"line":1,"column":82}},"1":{"start":{"line":2,"column":0},"end":{"line":2,"column":105}},"2":{"start":{"line":3,"column":0},"end":{"line":3,"column":2}}},"s":{"0":1,"1":3,"2":3},"branchMap":{"0":{"type":"branch","line":1,"loc":{"start":{"line":1,"column":33},"end":{"line":3,"column":2}},"locations":[{"start":{"line":1,"column":33},"end":{"line":3,"column":2}}]},"1":{"type":"branch","line":2,"loc":{"start":{"line":2,"column":101},"end":{"line":2,"column":104}},"locations":[{"start":{"line":2,"column":101},"end":{"line":2,"column":104}}]}},"b":{"0":[3],"1":[0]},"fnMap":{"0":{"name":"calculateLateTime","decl":{"start":{"line":1,"column":33},"end":{"line":3,"column":2}},"loc":{"start":{"line":1,"column":33},"end":{"line":3,"column":2}},"line":1}},"f":{"0":3}}
}
