TN:
SF:src\config\env.ts
FNF:0
FNH:0
DA:1,1
DA:2,1
DA:3,1
DA:4,1
DA:5,1
DA:6,1
DA:7,1
DA:8,1
DA:9,1
LF:9
LH:9
BRF:0
BRH:0
end_of_record
TN:
SF:src\config\youtube.ts
FNF:0
FNH:0
DA:1,1
DA:2,1
DA:3,1
DA:4,1
DA:5,1
DA:6,1
DA:7,1
DA:8,1
LF:8
LH:8
BRF:0
BRH:0
end_of_record
TN:
SF:src\controllers\livestreams.ts
FN:6,getLivestreams
FNF:1
FNH:1
FNDA:8,getLivestreams
DA:1,1
DA:2,1
DA:3,1
DA:4,1
DA:5,1
DA:6,1
DA:7,8
DA:8,2
DA:9,0
DA:10,2
DA:11,2
DA:12,2
DA:13,1
DA:14,1
DA:15,1
DA:16,1
DA:17,1
DA:18,8
DA:19,6
DA:20,6
DA:21,6
DA:22,6
DA:23,6
DA:24,6
DA:25,1
DA:26,1
DA:27,6
DA:28,1
DA:29,1
DA:30,4
DA:31,4
DA:32,1
DA:33,4
DA:34,3
DA:35,3
DA:36,3
DA:37,3
DA:38,8
LF:38
LH:37
BRDA:6,0,0,8
BRDA:6,1,0,8
BRDA:7,2,0,2
BRDA:12,3,0,1
BRDA:18,4,0,6
BRDA:21,5,0,4
BRDA:21,6,0,2
BRDA:22,7,0,4
BRDA:22,8,0,2
BRDA:24,9,0,1
BRDA:27,10,0,5
BRDA:27,11,0,1
BRDA:30,12,0,4
BRDA:34,13,0,3
BRDA:31,14,0,1
BRF:15
BRH:15
end_of_record
TN:
SF:src\controllers\stats.ts
FN:4,getStats
FNF:1
FNH:1
FNDA:3,getStats
DA:1,1
DA:2,1
DA:3,1
DA:4,1
DA:5,3
DA:6,3
DA:7,1
DA:8,3
DA:9,3
DA:10,1
DA:11,1
DA:12,1
DA:13,1
DA:14,1
DA:15,1
DA:16,1
DA:17,3
LF:17
LH:17
BRDA:4,0,0,3
BRDA:4,1,0,3
BRDA:9,2,0,2
BRDA:9,3,0,1
BRDA:15,4,0,0
BRDA:6,5,0,1
BRF:6
BRH:5
end_of_record
TN:
SF:src\controllers\webhooks.ts
FN:18,verifySignature
FN:34,handleWebhook
FN:54,result
FNF:3
FNH:3
FNDA:4,verifySignature
FNDA:6,handleWebhook
FNDA:3,result
DA:1,1
DA:2,1
DA:3,1
DA:4,1
DA:5,1
DA:6,1
DA:7,1
DA:8,1
DA:9,1
DA:10,1
DA:11,1
DA:12,1
DA:13,1
DA:14,1
DA:15,1
DA:16,1
DA:17,1
DA:18,1
DA:19,4
DA:20,4
DA:21,0
DA:22,0
DA:23,0
DA:24,4
DA:25,4
DA:26,4
DA:27,4
DA:28,4
DA:29,1
DA:30,1
DA:31,1
DA:32,1
DA:33,1
DA:34,1
DA:35,6
DA:36,2
DA:37,2
DA:38,2
DA:39,2
DA:40,1
DA:41,1
DA:42,1
DA:43,1
DA:44,1
DA:45,1
DA:46,4
DA:47,4
DA:48,4
DA:49,1
DA:50,1
DA:51,1
DA:52,3
DA:53,3
DA:54,3
DA:55,3
DA:56,3
DA:57,1
DA:58,1
DA:59,3
DA:60,2
DA:61,2
DA:62,3
DA:63,3
DA:64,2
DA:65,2
DA:66,2
DA:67,2
DA:68,2
DA:69,4
DA:70,4
DA:71,2
DA:72,2
DA:73,1
DA:74,4
DA:75,2
DA:76,2
DA:77,1
DA:78,1
DA:79,1
DA:80,1
DA:81,1
DA:82,1
DA:83,1
DA:84,1
DA:85,0
DA:86,0
DA:87,1
DA:88,2
DA:89,4
DA:90,6
LF:90
LH:85
BRDA:18,0,0,4
BRDA:20,1,0,0
BRDA:34,2,0,6
BRDA:34,3,0,6
BRDA:35,4,0,2
BRDA:39,5,0,1
BRDA:39,6,0,1
BRDA:39,7,0,1
BRDA:46,8,0,4
BRDA:48,9,0,1
BRDA:52,10,0,3
BRDA:64,11,0,2
BRDA:69,12,0,0
BRDA:69,13,0,2
BRDA:70,14,0,2
BRDA:71,15,0,0
BRDA:73,16,0,1
BRDA:74,17,0,2
BRDA:76,18,0,1
BRDA:84,19,0,0
BRDA:54,20,0,3
BRDA:55,21,0,3
BRDA:56,22,0,1
BRDA:59,23,0,2
BRF:24
BRH:20
end_of_record
TN:
SF:src\middleware\error.ts
FN:5,errorMiddleware
FNF:1
FNH:1
FNDA:8,errorMiddleware
DA:1,1
DA:2,1
DA:3,1
DA:4,1
DA:5,1
DA:6,8
DA:7,7
DA:8,7
DA:9,7
DA:10,7
DA:11,7
DA:12,7
DA:13,7
DA:14,7
DA:15,7
DA:16,7
DA:17,8
DA:18,1
DA:19,1
DA:20,1
DA:21,1
DA:22,1
DA:23,8
LF:23
LH:23
BRDA:5,0,0,8
BRDA:6,1,0,7
BRDA:17,2,0,1
BRF:3
BRH:3
end_of_record
TN:
SF:src\models\failedLivestreams.ts
FNF:0
FNH:0
DA:1,1
DA:2,1
DA:3,1
DA:4,1
DA:5,1
DA:6,1
DA:7,1
DA:8,1
DA:9,1
DA:10,1
DA:11,1
DA:12,1
DA:13,1
DA:14,1
DA:15,1
DA:16,1
DA:17,1
DA:18,1
DA:19,1
LF:19
LH:19
BRF:0
BRH:0
end_of_record
TN:
SF:src\models\livestream.ts
FNF:0
FNH:0
DA:1,1
DA:2,1
DA:3,1
DA:4,1
DA:5,1
DA:6,1
DA:7,1
DA:8,1
DA:9,1
DA:10,1
DA:11,1
LF:11
LH:11
BRF:0
BRH:0
end_of_record
TN:
SF:src\models\stats.ts
FNF:0
FNH:0
DA:1,1
DA:2,1
DA:3,1
DA:4,1
DA:5,1
DA:6,1
DA:7,1
DA:8,1
DA:9,1
LF:9
LH:9
BRF:0
BRH:0
end_of_record
TN:
SF:src\services\scheduler.ts
FN:14,processLivestream
FN:71,setupScheduler
FN:73,node_cron_1.default.schedule.timezone
FN:79,node_cron_1.default.schedule.timezone
FN:107,node_cron_1.default.schedule.timezone
FNF:5
FNH:3
FNDA:6,processLivestream
FNDA:3,setupScheduler
FNDA:0,node_cron_1.default.schedule.timezone
FNDA:2,node_cron_1.default.schedule.timezone
FNDA:0,node_cron_1.default.schedule.timezone
DA:1,1
DA:2,1
DA:3,1
DA:4,1
DA:5,1
DA:6,1
DA:7,1
DA:8,1
DA:9,1
DA:10,1
DA:11,1
DA:12,1
DA:13,1
DA:14,1
DA:15,6
DA:16,6
DA:17,6
DA:18,6
DA:19,6
DA:20,6
DA:21,6
DA:22,3
DA:23,3
DA:24,0
DA:25,0
DA:26,0
DA:27,0
DA:28,3
DA:29,3
DA:30,3
DA:31,3
DA:32,3
DA:33,3
DA:34,3
DA:35,3
DA:36,3
DA:37,3
DA:38,3
DA:39,3
DA:40,3
DA:41,3
DA:42,3
DA:43,3
DA:44,3
DA:45,3
DA:46,6
DA:47,3
DA:48,3
DA:49,3
DA:50,3
DA:51,0
DA:52,0
DA:53,3
DA:54,3
DA:55,3
DA:56,3
DA:57,3
DA:58,3
DA:59,3
DA:60,3
DA:61,3
DA:62,3
DA:63,3
DA:64,3
DA:65,3
DA:66,3
DA:67,6
DA:68,1
DA:69,1
DA:70,1
DA:71,1
DA:72,3
DA:73,3
DA:74,0
DA:75,0
DA:76,3
DA:77,3
DA:78,3
DA:79,3
DA:80,2
DA:81,2
DA:82,2
DA:83,2
DA:84,2
DA:85,2
DA:86,2
DA:87,2
DA:88,2
DA:89,2
DA:90,2
DA:91,2
DA:92,2
DA:93,1
DA:94,1
DA:95,2
DA:96,2
DA:97,1
DA:98,1
DA:99,1
DA:100,1
DA:101,0
DA:102,0
DA:103,1
DA:104,3
DA:105,3
DA:106,3
DA:107,3
DA:108,0
DA:109,0
DA:110,0
DA:111,0
DA:112,0
DA:113,0
DA:114,0
DA:115,0
DA:116,0
DA:117,0
DA:118,0
DA:119,0
DA:120,0
DA:121,0
DA:122,0
DA:123,0
DA:124,0
DA:125,0
DA:126,0
DA:127,3
DA:128,3
LF:128
LH:99
BRDA:14,0,0,6
BRDA:14,1,0,6
BRDA:20,2,0,3
BRDA:20,3,0,0
BRDA:20,4,0,3
BRDA:20,5,0,3
BRDA:20,6,0,0
BRDA:20,7,0,3
BRDA:20,8,0,3
BRDA:20,9,0,0
BRDA:20,10,0,3
BRDA:20,11,0,3
BRDA:20,12,0,3
BRDA:20,13,0,0
BRDA:21,14,0,3
BRDA:21,15,0,0
BRDA:21,16,0,0
BRDA:21,17,0,3
BRDA:22,18,0,0
BRDA:23,19,0,0
BRDA:29,20,0,0
BRDA:29,21,0,0
BRDA:46,22,0,3
BRDA:50,23,0,0
BRDA:71,24,0,3
BRDA:79,25,0,2
BRDA:79,26,0,2
BRDA:88,27,0,1
BRDA:88,28,0,1
BRDA:88,29,0,0
BRDA:92,30,0,1
BRDA:97,31,0,1
BRDA:100,32,0,0
BRDA:88,33,0,2
BRDA:88,34,0,0
BRDA:88,35,0,0
BRF:36
BRH:21
end_of_record
TN:
SF:src\utils\errors.ts
FN:5,ApiError
FN:14,ValidationError
FN:21,NotFoundError
FN:28,RateLimitError
FNF:4
FNH:3
FNDA:7,ApiError
FNDA:2,ValidationError
FNDA:1,NotFoundError
FNDA:0,RateLimitError
DA:1,1
DA:2,1
DA:3,1
DA:4,1
DA:5,1
DA:6,7
DA:7,7
DA:8,7
DA:9,7
DA:10,7
DA:11,1
DA:12,1
DA:13,1
DA:14,1
DA:15,2
DA:16,2
DA:17,2
DA:18,1
DA:19,1
DA:20,1
DA:21,1
DA:22,1
DA:23,1
DA:24,1
DA:25,1
DA:26,1
DA:27,1
DA:28,1
DA:29,0
DA:30,0
DA:31,0
DA:32,1
LF:32
LH:29
BRDA:5,0,0,7
BRDA:14,1,0,2
BRDA:21,2,0,1
BRF:3
BRH:3
end_of_record
TN:
SF:src\utils\logger.ts
FNF:0
FNH:0
DA:1,1
DA:2,1
DA:3,1
DA:4,1
DA:5,1
DA:6,1
DA:7,1
DA:8,1
DA:9,1
DA:10,1
DA:11,1
DA:12,1
DA:13,1
DA:14,1
DA:15,1
LF:15
LH:15
BRF:0
BRH:0
end_of_record
TN:
SF:src\utils\time.ts
FN:1,calculateLateTime
FNF:1
FNH:1
FNDA:3,calculateLateTime
DA:1,1
DA:2,3
DA:3,3
LF:3
LH:3
BRDA:1,0,0,3
BRDA:2,1,0,0
BRF:2
BRH:1
end_of_record
